########## RUN 1/5 02:40:40 ##########
    +0s 'Unnamed'
    +4s 'XS1 build'
    +104s 'XS1 built4 b1'
    +173s 'c00 g345/g443'
    +269s 'c01 g340/g456'
    +366s 'c10 g340/g456'
    +643s 'XS1 s44 43 56 56 43 b1'
########## RUN 1 RESULT: XS1 s44 43 56 56 43 b1 ##########
########## RUN 2/5 02:51:32 ##########
    +0s 'Unnamed'
    +4s 'XS1 build'
    +104s 'XS1 built4 b1'
    +173s 'c00 g345/g443'
    +269s 'c01 g340/g456'
    +366s 'c10 g340/g456'
    +643s 'XS1 s44 43 56 56 43 b1'
########## RUN 2 RESULT: XS1 s44 43 56 56 43 b1 ##########
########## RUN 3/5 03:02:23 ##########
    +0s 'Unnamed'
    +4s 'XS1 build'
    +104s 'XS1 built4 b1'
    +173s 'c00 g345/g443'
    +273s 'c01 g340/g456'
    +366s 'c10 g340/g456'
    +643s 'XS1 s44 43 56 56 43 b1'
########## RUN 3 RESULT: XS1 s44 43 56 56 43 b1 ##########
########## RUN 4/5 03:13:15 ##########
    +0s 'Unnamed'
    +4s 'XS1 build'
    +104s 'XS1 built4 b1'
    +185s 'c00 g336/g456'
    +281s 'c01 g340/g456'
    +378s 'c10 g340/g456'
    +655s 'XS1 s44 56 56 56 43 b1'
########## RUN 4 RESULT: XS1 s44 56 56 56 43 b1 ##########
########## RUN 5/5 03:24:18 ##########
    +0s 'Unnamed'
    +4s 'XS1 build'
    +104s 'XS1 built4 b1'
    +173s 'c00 g345/g443'
    +269s 'c01 g340/g456'
    +366s 'c10 g340/g456'
    +643s 'XS1 s44 43 56 56 43 b1'
########## RUN 5 RESULT: XS1 s44 43 56 56 43 b1 ##########
==== ALL RESULTS ====
  run 1: XS1 s44 43 56 56 43 b1
  run 2: XS1 s44 43 56 56 43 b1
  run 3: XS1 s44 43 56 56 43 b1
  run 4: XS1 s44 56 56 56 43 b1
  run 5: XS1 s44 43 56 56 43 b1
