########## RUN 1/5 07:04:06 ##########
    +0s 'Unnamed'
    +4s 'XS1 build'
    +104s 'XS1 built4 b1'
    +173s 'c00 g345/g443'
    +269s 'c01 g340/g445'
    +366s 'c10 g340/g456'
    +643s 'XS1 s44 43 45 56 43 b1'
########## RUN 1 RESULT: XS1 s44 43 45 56 43 b1 ##########
########## RUN 2/5 07:14:57 ##########
    +0s 'Unnamed'
    +4s 'XS1 build'
    +104s 'XS1 built4 b1'
    +173s 'c00 g345/g443'
    +273s 'c01 g340/g456'
    +370s 'c10 g340/g456'
    +643s 'c11 g345/g443'
    +647s 'XS1 s44 43 56 56 43 b1'
########## RUN 2 RESULT: XS1 s44 43 56 56 43 b1 ##########
########## RUN 3/5 07:25:53 ##########
    +0s 'Unnamed'
    +4s 'XS1 build'
    +104s 'XS1 built4 b1'
    +173s 'c00 g345/g443'
