########## RUN 1/10 15:06:28 ##########
    +0s 'Unnamed'
    +4s 'XS1 build'
    +100s 'XS1 built4 b1'
    +185s 'c00 g334/g456'
    +273s 'c01 g340/g446'
    +362s 'c10 g340/g456'
    +466s 'XS1 s44 56 46 56 43 b1'
########## RUN 1 RESULT: XS1 s44 56 46 56 43 b1 ##########
########## RUN 2/10 15:14:23 ##########
    +0s 'Unnamed'
    +4s 'XS1 build'
    +104s 'XS1 built4 b1'
    +168s 'c00 g345/g443'
    +259s 'XS1 build'
    +360s 'XS1 built4 b1'
    +436s 'c00 g345/g443'
    +545s 'c01 g340/g456'
########## RUN 2 RESULT: c01 g340/g456 ##########
########## RUN 3/10 15:23:52 ##########
    +0s 'Unnamed'
    +4s 'XS1 build'
    +100s 'XS1 built4 b1'
    +177s 'c00 g340/g4-1'
    +325s 'XS1 build'
    +426s 'XS1 built4 b1'
    +502s 'c00 g345/g443'
########## RUN 3 RESULT: c00 g345/g443 ##########
########## RUN 4/10 15:33:23 ##########
    +0s 'Unnamed'
    +4s 'XS1 build'
    +104s 'XS1 built4 b1'
    +177s 'c00 g345/g443'
    +289s 'c01 g340/g456'
    +443s 'XS1 build'
    +547s 'XS1 built4 b1'
########## RUN 4 RESULT: XS1 built4 b1 ##########
########## RUN 5/10 15:42:54 ##########
    +0s 'Unnamed'
    +4s 'XS1 build'
    +194s 'XS1 built4 b1'
    +259s 'c00 g345/g443'
    +347s 'c01 g340/g456'
    +436s 'c10 g340/g456'
########## RUN 5 RESULT: c10 g340/g456 ##########
########## RUN 6/10 15:52:22 ##########
    +0s 'Unnamed'
    +4s 'XS1 build'
    +428s 'XS1 built4 b1'
    +492s 'c00 g345/g443'
########## RUN 6 RESULT: c00 g345/g443 ##########
########## RUN 7/10 16:01:51 ##########
    +0s 'Unnamed'
    +4s 'XS1 build'
    +104s 'XS1 built4 b1'
    +240s 'XS1 build'
