########## RUN 1/8 04:16:13 ##########
    +0s 'Unnamed'
    +4s 'XS1 build'
    +104s 'XS1 built4 b1'
    +173s 'c00 g345/g443'
    +273s 'c01 g340/g456'
    +366s 'c10 g340/g456'
    +643s 'XS1 s44 43 56 56 43 b1'
########## RUN 1 RESULT: XS1 s44 43 56 56 43 b1 ##########
########## RUN 2/8 04:27:05 ##########
    +0s 'Unnamed'
    +4s 'XS1 build'
    +104s 'XS1 built4 b1'
    +173s 'c00 g345/g443'
    +273s 'c01 g340/g456'
    +366s 'c10 g340/g456'
    +643s 'XS1 s44 43 56 56 43 b1'
########## RUN 2 RESULT: XS1 s44 43 56 56 43 b1 ##########
########## RUN 3/8 04:37:56 ##########
    +0s 'Unnamed'
    +4s 'XS1 build'
    +104s 'XS1 built4 b1'
    +173s 'c00 g345/g443'
    +269s 'c01 g340/g456'
    +394s 'c10 g340/g456'
    +671s 'XS1 s44 43 56 56 43 b1'
########## RUN 3 RESULT: XS1 s44 43 56 56 43 b1 ##########
########## RUN 4/8 04:49:16 ##########
    +0s 'Unnamed'
    +4s 'XS1 build'
    +104s 'XS1 built4 b1'
    +172s 'c00 g345/g443'
    +273s 'c01 g340/g456'
    +366s 'c10 g340/g456'
    +643s 'XS1 s44 43 56 56 43 b1'
########## RUN 4 RESULT: XS1 s44 43 56 56 43 b1 ##########
########## RUN 5/8 05:00:07 ##########
    +0s 'Unnamed'
    +4s 'XS1 build'
    +104s 'XS1 built4 b1'
    +173s 'c00 g345/g443'
    +273s 'c01 g340/g456'
    +366s 'c10 g340/g456'
    +643s 'XS1 s44 43 56 56 43 b1'
########## RUN 5 RESULT: XS1 s44 43 56 56 43 b1 ##########
########## RUN 6/8 05:10:59 ##########
    +0s 'Unnamed'
    +4s 'XS1 build'
    +104s 'XS1 built4 b1'
    +172s 'c00 g345/g443'
    +273s 'c01 g340/g456'
    +366s 'c10 g340/g456'
    +643s 'XS1 s44 43 56 56 43 b1'
########## RUN 6 RESULT: XS1 s44 43 56 56 43 b1 ##########
########## RUN 7/8 05:21:50 ##########
    +0s 'Unnamed'
    +4s 'XS1 build'
    +104s 'XS1 built4 b1'
    +173s 'c00 g345/g443'
    +273s 'c01 g340/g456'
    +366s 'c10 g340/g456'
    +643s 'XS1 s44 43 56 56 43 b1'
########## RUN 7 RESULT: XS1 s44 43 56 56 43 b1 ##########
########## RUN 8/8 05:32:42 ##########
    +0s 'Unnamed'
    +4s 'XS1 build'
    +104s 'XS1 built4 b1'
    +173s 'c00 g345/g443'
    +273s 'c01 g340/g456'
    +366s 'c10 g340/g456'
    +643s 'XS1 s44 43 56 56 43 b1'
########## RUN 8 RESULT: XS1 s44 43 56 56 43 b1 ##########
==== ALL RESULTS ====
  run 1: XS1 s44 43 56 56 43 b1
  run 2: XS1 s44 43 56 56 43 b1
  run 3: XS1 s44 43 56 56 43 b1
  run 4: XS1 s44 43 56 56 43 b1
  run 5: XS1 s44 43 56 56 43 b1
  run 6: XS1 s44 43 56 56 43 b1
  run 7: XS1 s44 43 56 56 43 b1
  run 8: XS1 s44 43 56 56 43 b1
