########## RUN 1/3 01:59:31 ##########
    +0s 'Unnamed'
    +4s 'XS1 build'
    +104s 'XS1 built4 b1'
    +173s 'c00 g345/g443'
    +273s 'c01 g340/g456'
    +366s 'c10 g340/g456'
    +643s 'XS1 s44 43 56 56 43 b1'
########## RUN 1 RESULT: XS1 s44 43 56 56 43 b1 ##########
########## RUN 2/3 02:10:23 ##########
    +0s 'Unnamed'
    +4s 'XS1 build'
    +104s 'XS1 built4 b1'
    +173s 'c00 g345/g443'
    +269s 'c01 g340/g456'
    +366s 'c10 g340/g456'
    +712s 'XS1 s44 43 56 56 56 b1'
########## RUN 2 RESULT: XS1 s44 43 56 56 56 b1 ##########
########## RUN 3/3 02:22:22 ##########
    +0s 'Unnamed'
    +4s 'XS1 build'
    +104s 'XS1 built4 b1'
    +173s 'c00 g345/g443'
    +269s 'c01 g340/g456'
    +422s 'c10 g340/g4-1'
    +700s 'XS1 s44 43 56 -1 43 b1'
########## RUN 3 RESULT: XS1 s44 43 56 -1 43 b1 ##########
==== ALL RESULTS ====
  run 1: XS1 s44 43 56 56 43 b1
  run 2: XS1 s44 43 56 56 56 b1
  run 3: XS1 s44 43 56 -1 43 b1
