########## RUN 1/6 00:54:50 ##########
    +0s 'Unnamed'
    +4s 'XS1 build'
    +104s 'XS1 built4 b1'
    +173s 'c00 g345/g443'
    +273s 'c01 g340/g456'
    +366s 'c10 g340/g456'
    +643s 'XS1 s44 43 56 56 43 b1'
########## RUN 1 RESULT: XS1 s44 43 56 56 43 b1 ##########
########## RUN 2/6 01:05:42 ##########
    +0s 'Unnamed'
    +4s 'XS1 build'
    +104s 'XS1 built4 b1'
    +173s 'c00 g345/g443'
    +273s 'c01 g340/g456'
    +366s 'c10 g340/g456'
    +643s 'XS1 s44 43 56 56 43 b1'
########## RUN 2 RESULT: XS1 s44 43 56 56 43 b1 ##########
########## RUN 3/6 01:16:33 ##########
    +0s 'Unnamed'
    +4s 'XS1 build'
    +104s 'XS1 built4 b1'
    +173s 'c00 g345/g443'
    +281s 'c01 g336/g456'
    +378s 'c10 g340/g456'
    +671s 'c11 g345/g443'
    +675s 'XS1 s44 43 56 56 43 b1'
########## RUN 3 RESULT: XS1 s44 43 56 56 43 b1 ##########
########## RUN 4/6 01:27:57 ##########
    +0s 'Unnamed'
    +4s 'XS1 build'
    +104s 'XS1 built4 b1'
    +173s 'c00 g345/g443'
    +273s 'c01 g340/g456'
    +366s 'c10 g340/g456'
    +643s 'XS1 s44 43 56 56 43 b1'
########## RUN 4 RESULT: XS1 s44 43 56 56 43 b1 ##########
########## RUN 5/6 01:38:49 ##########
    +0s 'Unnamed'
    +4s 'XS1 build'
    +104s 'XS1 built4 b1'
    +173s 'c00 g345/g443'
    +269s 'c01 g340/g456'
    +366s 'c10 g340/g456'
    +643s 'XS1 s44 43 56 56 43 b1'
########## RUN 5 RESULT: XS1 s44 43 56 56 43 b1 ##########
########## RUN 6/6 01:49:40 ##########
    +0s 'Unnamed'
    +4s 'XS1 build'
    +104s 'XS1 built4 b1'
    +173s 'c00 g345/g443'
    +273s 'c01 g340/g456'
