########## RUN 1/3 20:53:05 ##########
    +0s 'Unnamed'
    +4s 'XS1 build'
    +104s 'XS1 built4 b1'
    +173s 'c00 g345/g443'
    +269s 'c01 g340/g456'
    +366s 'c10 g340/g456'
    +643s 'XS1 s44 43 56 56 43 b1'
########## RUN 1 RESULT: XS1 s44 43 56 56 43 b1 ##########
########## RUN 2/3 21:03:56 ##########
    +0s 'Unnamed'
    +4s 'XS1 build'
    +104s 'XS1 built4 b1'
    +173s 'c00 g345/g443'
    +269s 'c01 g340/g456'
    +366s 'c10 g340/g456'
    +643s 'XS1 s44 43 56 56 43 b1'
########## RUN 2 RESULT: XS1 s44 43 56 56 43 b1 ##########
########## RUN 3/3 21:14:48 ##########
    +0s 'Unnamed'
    +4s 'XS1 build'
    +104s 'XS1 built4 b0'
    +172s 'c00 g345/g443'
    +273s 'c01 g340/g456'
    +366s 'c10 g340/g456'
    +643s 'XS1 s44 43 56 56 56 b0'
########## RUN 3 RESULT: XS1 s44 43 56 56 56 b0 ##########
==== ALL RESULTS ====
  run 1: XS1 s44 43 56 56 43 b1
  run 2: XS1 s44 43 56 56 43 b1
  run 3: XS1 s44 43 56 56 56 b0
