########## RUN 1/1 21:38:24 ##########
    +0s 'Unnamed'
    +4s 'FA build'
    +32s 'FA prep4'
    +60s 'FA prep9'
    +88s 'FA prep14'
    +120s 'FA prep19'
    +148s 'FA prep24'
    +177s 'FA prep28'
    +205s 'FA prep33'
    +233s 'FA prep38'
    +265s 'FA prep43'
    +293s 'FA prep48'
    +321s 'FA prep53'
    +350s 'FA prep57'
    +382s 'FA prep62'
    +410s 'FA prep67'
    +438s 'FA prep72'
    +466s 'FA prep77'
    +498s 'FA prep82'
    +527s 'FA prep87'
    +555s 'FA prep91'
    +583s 'FA prep96'
    +603s 'FA prep100'
    +623s 'FA bld1/8'
    +643s 'FA bld2/8'
    +659s 'FA bld3/8'
    +679s 'FA bld4/8'
    +696s 'FA bld5/8'
    +712s 'FA bld6/8'
    +736s 'FA bld7/8'
    +752s 'FA built8 b0'
    +985s 'c000 s49 m39'
    +1315s 'c001 s49 m39'
    +1585s 'c010 s60 m39'
    +1955s 'c011 s60 m48'
    +2200s 'c100 s60 m39'
    +2582s 'c101 s49 m48'
